Using pre-set license
Desktop is 1920 x 1080 @ 60 Hz

 COMMAND LINE ARGUMENTS:
Unity
-adb2
-batchMode
-noUpm
-name
AssetImportWorker0
-projectPath
/home/igorw/Project_Scarlet
-logFile
Logs/AssetImportWorker0.log
-srvPort
45579
Successfully changed project path to: /home/igorw/Project_Scarlet
/home/igorw/Project_Scarlet
Using Asset Import Pipeline V2.
Refreshing native plugins compatible for Editor in 28,95 ms, found 1 plugins.
Preloading 0 native plugins for Editor in 0,00 ms.
Initialize engine version: 2020.3.2f1 (8fd9074bf66c)
[Subsystems] Discovering subsystems at path /home/igorw/Unity/Hub/Editor/2020.3.2f1/Editor/Data/Resources/UnitySubsystems
[Subsystems] Discovering subsystems at path /home/igorw/Project_Scarlet/Assets
GLX Extensions: GLX_ARB_create_context GLX_ARB_create_context_profile GLX_ARB_fbconfig_float GLX_ARB_framebuffer_sRGB GLX_ARB_get_proc_address GLX_ARB_multisample GLX_EXT_buffer_age GLX_EXT_create_context_es2_profile GLX_EXT_create_context_es_profile GLX_EXT_fbconfig_packed_float GLX_EXT_framebuffer_sRGB GLX_EXT_import_context GLX_EXT_texture_from_pixmap GLX_EXT_visual_info GLX_EXT_visual_rating GLX_MESA_copy_sub_buffer GLX_MESA_query_renderer GLX_MESA_swap_control GLX_OML_swap_method GLX_OML_sync_control GLX_SGIS_multisample GLX_SGIX_fbconfig GLX_SGIX_pbuffer GLX_SGIX_visual_select_group GLX_SGI_make_current_read GLX_SGI_video_sync 
Renderer: Mesa DRI Intel(R) HD Graphics (Coffeelake 3x8 GT2) 
Vendor:   Intel Open Source Technology Center
Version:  4.5 (Core Profile) Mesa 18.3.6
GLES:     0
 GL_3DFX_texture_compression_FXT1 GL_AMD_conservative_depth GL_AMD_depth_clamp_separate GL_AMD_draw_buffers_blend GL_AMD_gpu_shader_int64 GL_AMD_multi_draw_indirect GL_AMD_query_buffer_object GL_AMD_seamless_cubemap_per_texture GL_AMD_shader_stencil_export GL_AMD_shader_trinary_minmax GL_AMD_vertex_shader_layer GL_AMD_vertex_shader_viewport_index GL_ANGLE_texture_compression_dxt3 GL_ANGLE_texture_compression_dxt5 GL_APPLE_object_purgeable GL_ARB_ES2_compatibility GL_ARB_ES3_1_compatibility GL_ARB_ES3_2_compatibility GL_ARB_ES3_compatibility GL_ARB_arrays_of_arrays GL_ARB_base_instance GL_ARB_blend_func_extended GL_ARB_buffer_storage GL_ARB_clear_buffer_object GL_ARB_clear_texture GL_ARB_clip_control GL_ARB_compressed_texture_pixel_storage GL_ARB_compute_shader GL_ARB_conditional_render_inverted GL_ARB_conservative_depth GL_ARB_copy_buffer GL_ARB_copy_image GL_ARB_cull_distance GL_ARB_debug_output GL_ARB_depth_buffer_float GL_ARB_depth_clamp GL_ARB_derivative_control GL_ARB_direct_state_access GL_ARB_draw_buf
fers GL_ARB_draw_buffers_blend GL_ARB_draw_elements_base_vertex GL_ARB_draw_indirect GL_ARB_draw_instanced GL_ARB_enhanced_layouts GL_ARB_explicit_attrib_location GL_ARB_explicit_uniform_location GL_ARB_fragment_coord_conventions GL_ARB_fragment_layer_viewport GL_ARB_fragment_shader GL_ARB_fragment_shader_interlock GL_ARB_framebuffer_no_attachments GL_ARB_framebuffer_object GL_ARB_framebuffer_sRGB GL_ARB_get_program_binary GL_ARB_get_texture_sub_image GL_ARB_gpu_shader5 GL_ARB_gpu_shader_fp64 GL_ARB_gpu_shader_int64 GL_ARB_half_float_pixel GL_ARB_half_float_vertex GL_ARB_indirect_parameters GL_ARB_instanced_arrays GL_ARB_internalformat_query GL_ARB_internalformat_query2 GL_ARB_invalidate_subdata GL_ARB_map_buffer_alignment GL_ARB_map_buffer_range GL_ARB_multi_bind GL_ARB_multi_draw_indirect GL_ARB_occlusion_query2 GL_ARB_pipeline_statistics_query GL_ARB_pixel_buffer_object GL_ARB_point_sprite GL_ARB_polygon_offset_clamp GL_ARB_post_depth_coverage GL_ARB_program_interface_query GL_ARB_provoking_vertex GL_ARB_
query_buffer_object GL_ARB_robust_buffer_access_behavior GL_ARB_robustness GL_ARB_sample_shading GL_ARB_sampler_objects GL_ARB_seamless_cube_map GL_ARB_seamless_cubemap_per_texture GL_ARB_separate_shader_objects GL_ARB_shader_atomic_counter_ops GL_ARB_shader_atomic_counters GL_ARB_shader_ballot GL_ARB_shader_bit_encoding GL_ARB_shader_clock GL_ARB_shader_draw_parameters GL_ARB_shader_group_vote GL_ARB_shader_image_load_store GL_ARB_shader_image_size GL_ARB_shader_objects GL_ARB_shader_precision GL_ARB_shader_stencil_export GL_ARB_shader_storage_buffer_object GL_ARB_shader_subroutine GL_ARB_shader_texture_image_samples GL_ARB_shader_texture_lod GL_ARB_shader_viewport_layer_array GL_ARB_shading_language_420pack GL_ARB_shading_language_packing GL_ARB_stencil_texturing GL_ARB_sync GL_ARB_tessellation_shader GL_ARB_texture_barrier GL_ARB_texture_buffer_object GL_ARB_texture_buffer_object_rgb32 GL_ARB_texture_buffer_range GL_ARB_texture_compression_bptc GL_ARB_texture_compression_rgtc GL_ARB_texture_cube_map_array
 GL_ARB_texture_filter_anisotropic GL_ARB_texture_float GL_ARB_texture_gather GL_ARB_texture_mirror_clamp_to_edge GL_ARB_texture_multisample GL_ARB_texture_non_power_of_two GL_ARB_texture_query_levels GL_ARB_texture_query_lod GL_ARB_texture_rectangle GL_ARB_texture_rg GL_ARB_texture_rgb10_a2ui GL_ARB_texture_stencil8 GL_ARB_texture_storage GL_ARB_texture_storage_multisample GL_ARB_texture_swizzle GL_ARB_texture_view GL_ARB_timer_query GL_ARB_transform_feedback2 GL_ARB_transform_feedback3 GL_ARB_transform_feedback_instanced GL_ARB_transform_feedback_overflow_query GL_ARB_uniform_buffer_object GL_ARB_vertex_array_bgra GL_ARB_vertex_array_object GL_ARB_vertex_attrib_64bit GL_ARB_vertex_attrib_binding GL_ARB_vertex_buffer_object GL_ARB_vertex_shader GL_ARB_vertex_type_10f_11f_11f_rev GL_ARB_vertex_type_2_10_10_10_rev GL_ARB_viewport_array GL_ATI_blend_equation_separate GL_ATI_texture_float GL_EXT_abgr GL_EXT_blend_equation_separate GL_EXT_draw_buffers2 GL_EXT_draw_instanced GL_EXT_framebuffer_blit GL_EXT_framebu
ffer_multisample GL_EXT_framebuffer_multisample_blit_scaled GL_EXT_framebuffer_object GL_EXT_framebuffer_sRGB GL_EXT_packed_depth_stencil GL_EXT_packed_float GL_EXT_pixel_buffer_object GL_EXT_polygon_offset_clamp GL_EXT_provoking_vertex GL_EXT_shader_framebuffer_fetch GL_EXT_shader_framebuffer_fetch_non_coherent GL_EXT_shader_integer_mix GL_EXT_shader_samples_identical GL_EXT_texture_array GL_EXT_texture_compression_dxt1 GL_EXT_texture_compression_rgtc GL_EXT_texture_compression_s3tc GL_EXT_texture_filter_anisotropic GL_EXT_texture_integer GL_EXT_texture_sRGB GL_EXT_texture_sRGB_decode GL_EXT_texture_shared_exponent GL_EXT_texture_snorm GL_EXT_texture_swizzle GL_EXT_timer_query GL_EXT_transform_feedback GL_EXT_vertex_array_bgra GL_EXT_vertex_attrib_64bit GL_IBM_multimode_draw_arrays GL_INTEL_conservative_rasterization GL_INTEL_performance_query GL_INTEL_shader_atomic_float_minmax GL_KHR_blend_equation_advanced GL_KHR_blend_equation_advanced_coherent GL_KHR_context_flush_control GL_KHR_debug GL_KHR_no_error G
L_KHR_robust_buffer_access_behavior GL_KHR_robustness GL_KHR_texture_compression_astc_ldr GL_KHR_texture_compression_astc_sliced_3d GL_MESA_pack_invert GL_MESA_shader_integer_functions GL_MESA_texture_signed_rgba GL_NV_conditional_render GL_NV_depth_clamp GL_NV_fragment_shader_interlock GL_NV_packed_depth_stencil GL_NV_texture_barrier GL_OES_EGL_image GL_S3_s3tc
OPENGL LOG: Creating OpenGL 4.5 graphics device ; Context level  <OpenGL 4.5> ; Context handle 163665712
Initialize mono
Mono path[0] = '/home/igorw/Unity/Hub/Editor/2020.3.2f1/Editor/Data/Managed'
Mono path[1] = '/home/igorw/Unity/Hub/Editor/2020.3.2f1/Editor/Data/MonoBleedingEdge/lib/mono/unityjit'
Mono config path = '/home/igorw/Unity/Hub/Editor/2020.3.2f1/Editor/Data/MonoBleedingEdge/etc'
Using monoOptions --debugger-agent=transport=dt_socket,embedding=1,server=y,suspend=n,address=127.0.0.1:56527
Begin MonoManager ReloadAssembly
Registering precompiled unity dll's ...
Register platform support module: /home/igorw/Unity/Hub/Editor/2020.3.2f1/Editor/Data/PlaybackEngines/WebGLSupport/UnityEditor.WebGL.Extensions.dll
Register platform support module: /home/igorw/Unity/Hub/Editor/2020.3.2f1/Editor/Data/PlaybackEngines/MacStandaloneSupport/UnityEditor.OSXStandalone.Extensions.dll
Register platform support module: /home/igorw/Unity/Hub/Editor/2020.3.2f1/Editor/Data/PlaybackEngines/WindowsStandaloneSupport/UnityEditor.WindowsStandalone.Extensions.dll
Register platform support module: /home/igorw/Unity/Hub/Editor/2020.3.2f1/Editor/Data/PlaybackEngines/LinuxStandaloneSupport/UnityEditor.LinuxStandalone.Extensions.dll
Registered in 0,001305 seconds.
Native extension for LinuxStandalone target not found
Native extension for WindowsStandalone target not found
Native extension for OSXStandalone target not found
Native extension for WebGL target not found
Refreshing native plugins compatible for Editor in 40,24 ms, found 1 plugins.
Preloading 0 native plugins for Editor in 0,00 ms.
Invoked RoslynAnalysisRunner static constructor.
RoslynAnalysisRunner will not be running.
RoslynAnalysisRunner has terminated.
Mono: successfully reloaded assembly
- Completed reload, in  1,565 seconds
Platform modules already initialized, skipping
Registering precompiled user dll's ...
Registered in 0,000570 seconds.
Begin MonoManager ReloadAssembly
Native extension for LinuxStandalone target not found
Native extension for WindowsStandalone target not found
Native extension for OSXStandalone target not found
Native extension for WebGL target not found
Refreshing native plugins compatible for Editor in 37,78 ms, found 1 plugins.
Preloading 0 native plugins for Editor in 0,00 ms.
Invoked RoslynAnalysisRunner static constructor.
RoslynAnalysisRunner will not be running.
RoslynAnalysisRunner has terminated.
Mono: successfully reloaded assembly
- Completed reload, in  0,888 seconds
Platform modules already initialized, skipping
========================================================================
Worker process is ready to serve import requests
Launched and connected shader compiler UnityShaderCompiler after 0.00 seconds
Refreshing native plugins compatible for Editor in 0,64 ms, found 1 plugins.
Preloading 0 native plugins for Editor in 0,00 ms.
Unloading 1856 Unused Serialized files (Serialized files now loaded: 0)
System memory in use before: 80,7 MB.
System memory in use after: 80,7 MB.

Unloading 24 unused Assets to reduce memory usage. Loaded Objects now: 2299.
Total: 9,623836 ms (FindLiveObjects: 0,539922 ms CreateObjectMapping: 0,166514 ms MarkObjects: 8,320994 ms  DeleteObjects: 0,586543 ms)

========================================================================
Received Import Request.
  path: Assets/Scripts/LeafSpawner.cs
  artifactKey: Guid(b2137f450a097e9a8bf9e7dbf5b92e57) Importer(815301076,1909f56bfc062723c751e8b465ee728b)
Start importing Assets/Scripts/LeafSpawner.cs using Guid(b2137f450a097e9a8bf9e7dbf5b92e57) Importer(815301076,1909f56bfc062723c751e8b465ee728b)  -> (artifact id: '932ba1da4d49c9620f717faca752aa1d') in 0,010917 seconds
  Import took 0,019841 seconds .

========================================================================
Received Prepare
Refreshing native plugins compatible for Editor in 0,99 ms, found 1 plugins.
Preloading 0 native plugins for Editor in 0,00 ms.
Unloading 10 Unused Serialized files (Serialized files now loaded: 0)
System memory in use before: 43,9 MB.
System memory in use after: 43,8 MB.

Unloading 10 unused Assets to reduce memory usage. Loaded Objects now: 2299.
Total: 6,684636 ms (FindLiveObjects: 0,873217 ms CreateObjectMapping: 0,285950 ms MarkObjects: 5,425464 ms  DeleteObjects: 0,093656 ms)

========================================================================
Received Prepare
Registering precompiled user dll's ...
Registered in 0,000749 seconds.
Begin MonoManager ReloadAssembly
Native extension for LinuxStandalone target not found
Native extension for WindowsStandalone target not found
Native extension for OSXStandalone target not found
Native extension for WebGL target not found
Refreshing native plugins compatible for Editor in 2,14 ms, found 1 plugins.
Preloading 0 native plugins for Editor in 0,00 ms.
Invoked RoslynAnalysisRunner static constructor.
RoslynAnalysisRunner will not be running.
RoslynAnalysisRunner has terminated.
Mono: successfully reloaded assembly
- Completed reload, in  0,924 seconds
Platform modules already initialized, skipping
Refreshing native plugins compatible for Editor in 0,32 ms, found 1 plugins.
Preloading 0 native plugins for Editor in 0,00 ms.
Unloading 1850 Unused Serialized files (Serialized files now loaded: 0)
System memory in use before: 80,6 MB.
System memory in use after: 80,6 MB.

Unloading 12 unused Assets to reduce memory usage. Loaded Objects now: 2303.
Total: 10,004200 ms (FindLiveObjects: 0,986647 ms CreateObjectMapping: 0,635901 ms MarkObjects: 8,258725 ms  DeleteObjects: 0,114241 ms)

========================================================================
Received Prepare
Registering precompiled user dll's ...
Registered in 0,000603 seconds.
Begin MonoManager ReloadAssembly
Native extension for LinuxStandalone target not found
Native extension for WindowsStandalone target not found
Native extension for OSXStandalone target not found
Native extension for WebGL target not found
Refreshing native plugins compatible for Editor in 0,33 ms, found 1 plugins.
Preloading 0 native plugins for Editor in 0,00 ms.
Invoked RoslynAnalysisRunner static constructor.
RoslynAnalysisRunner will not be running.
RoslynAnalysisRunner has terminated.
Mono: successfully reloaded assembly
- Completed reload, in  0,699 seconds
Platform modules already initialized, skipping
Refreshing native plugins compatible for Editor in 0,29 ms, found 1 plugins.
Preloading 0 native plugins for Editor in 0,00 ms.
Unloading 1850 Unused Serialized files (Serialized files now loaded: 0)
System memory in use before: 80,7 MB.
System memory in use after: 80,6 MB.

Unloading 12 unused Assets to reduce memory usage. Loaded Objects now: 2307.
Total: 7,468495 ms (FindLiveObjects: 1,028560 ms CreateObjectMapping: 0,596143 ms MarkObjects: 5,523822 ms  DeleteObjects: 0,311489 ms)

========================================================================
Received Prepare
Registering precompiled user dll's ...
Registered in 0,000624 seconds.
Begin MonoManager ReloadAssembly
Native extension for LinuxStandalone target not found
Native extension for WindowsStandalone target not found
Native extension for OSXStandalone target not found
Native extension for WebGL target not found
Refreshing native plugins compatible for Editor in 0,32 ms, found 1 plugins.
Preloading 0 native plugins for Editor in 0,00 ms.
Invoked RoslynAnalysisRunner static constructor.
RoslynAnalysisRunner will not be running.
RoslynAnalysisRunner has terminated.
Mono: successfully reloaded assembly
- Completed reload, in  0,801 seconds
Platform modules already initialized, skipping
Refreshing native plugins compatible for Editor in 1,46 ms, found 1 plugins.
Preloading 0 native plugins for Editor in 0,00 ms.
Unloading 1850 Unused Serialized files (Serialized files now loaded: 0)
System memory in use before: 80,7 MB.
System memory in use after: 80,7 MB.

Unloading 12 unused Assets to reduce memory usage. Loaded Objects now: 2311.
Total: 2,770397 ms (FindLiveObjects: 0,191738 ms CreateObjectMapping: 0,049924 ms MarkObjects: 2,425733 ms  DeleteObjects: 0,100306 ms)

========================================================================
Received Prepare
Registering precompiled user dll's ...
Registered in 0,001207 seconds.
Begin MonoManager ReloadAssembly
Native extension for LinuxStandalone target not found
Native extension for WindowsStandalone target not found
Native extension for OSXStandalone target not found
Native extension for WebGL target not found
Refreshing native plugins compatible for Editor in 0,68 ms, found 1 plugins.
Preloading 0 native plugins for Editor in 0,00 ms.
Invoked RoslynAnalysisRunner static constructor.
RoslynAnalysisRunner will not be running.
RoslynAnalysisRunner has terminated.
Mono: successfully reloaded assembly
- Completed reload, in  0,846 seconds
Platform modules already initialized, skipping
Refreshing native plugins compatible for Editor in 0,30 ms, found 1 plugins.
Preloading 0 native plugins for Editor in 0,00 ms.
Unloading 1850 Unused Serialized files (Serialized files now loaded: 0)
System memory in use before: 80,7 MB.
System memory in use after: 80,7 MB.

Unloading 12 unused Assets to reduce memory usage. Loaded Objects now: 2315.
Total: 5,265505 ms (FindLiveObjects: 1,030551 ms CreateObjectMapping: 0,564187 ms MarkObjects: 3,559032 ms  DeleteObjects: 0,099100 ms)

========================================================================
Received Prepare
Registering precompiled user dll's ...
Registered in 0,000633 seconds.
Begin MonoManager ReloadAssembly
Native extension for LinuxStandalone target not found
Native extension for WindowsStandalone target not found
Native extension for OSXStandalone target not found
Native extension for WebGL target not found
Refreshing native plugins compatible for Editor in 0,56 ms, found 1 plugins.
Preloading 0 native plugins for Editor in 0,00 ms.
Invoked RoslynAnalysisRunner static constructor.
RoslynAnalysisRunner will not be running.
RoslynAnalysisRunner has terminated.
Mono: successfully reloaded assembly
- Completed reload, in  0,685 seconds
Platform modules already initialized, skipping
Refreshing native plugins compatible for Editor in 1,05 ms, found 1 plugins.
Preloading 0 native plugins for Editor in 0,00 ms.
Unloading 1850 Unused Serialized files (Serialized files now loaded: 0)
System memory in use before: 80,7 MB.
System memory in use after: 80,7 MB.

Unloading 12 unused Assets to reduce memory usage. Loaded Objects now: 2319.
Total: 3,708525 ms (FindLiveObjects: 0,384698 ms CreateObjectMapping: 0,058266 ms MarkObjects: 2,898323 ms  DeleteObjects: 0,361763 ms)

========================================================================
Received Prepare
Registering precompiled user dll's ...
Registered in 0,000598 seconds.
Begin MonoManager ReloadAssembly
Native extension for LinuxStandalone target not found
Native extension for WindowsStandalone target not found
Native extension for OSXStandalone target not found
Native extension for WebGL target not found
Refreshing native plugins compatible for Editor in 0,33 ms, found 1 plugins.
Preloading 0 native plugins for Editor in 0,00 ms.
Invoked RoslynAnalysisRunner static constructor.
RoslynAnalysisRunner will not be running.
RoslynAnalysisRunner has terminated.
Mono: successfully reloaded assembly
- Completed reload, in  0,638 seconds
Platform modules already initialized, skipping
Refreshing native plugins compatible for Editor in 0,28 ms, found 1 plugins.
Preloading 0 native plugins for Editor in 0,00 ms.
Unloading 1850 Unused Serialized files (Serialized files now loaded: 0)
System memory in use before: 80,7 MB.
System memory in use after: 80,7 MB.

Unloading 12 unused Assets to reduce memory usage. Loaded Objects now: 2323.
Total: 4,855681 ms (FindLiveObjects: 0,324628 ms CreateObjectMapping: 0,121528 ms MarkObjects: 4,227747 ms  DeleteObjects: 0,175287 ms)

========================================================================
Received Prepare
Registering precompiled user dll's ...
Registered in 0,001050 seconds.
Begin MonoManager ReloadAssembly
Native extension for LinuxStandalone target not found
Native extension for WindowsStandalone target not found
Native extension for OSXStandalone target not found
Native extension for WebGL target not found
Refreshing native plugins compatible for Editor in 0,33 ms, found 1 plugins.
Preloading 0 native plugins for Editor in 0,00 ms.
Invoked RoslynAnalysisRunner static constructor.
RoslynAnalysisRunner will not be running.
RoslynAnalysisRunner has terminated.
Mono: successfully reloaded assembly
- Completed reload, in  0,738 seconds
Platform modules already initialized, skipping
Refreshing native plugins compatible for Editor in 0,39 ms, found 1 plugins.
Preloading 0 native plugins for Editor in 0,00 ms.
Unloading 1850 Unused Serialized files (Serialized files now loaded: 0)
System memory in use before: 80,7 MB.
System memory in use after: 80,7 MB.

Unloading 12 unused Assets to reduce memory usage. Loaded Objects now: 2327.
Total: 3,375092 ms (FindLiveObjects: 0,343988 ms CreateObjectMapping: 0,119415 ms MarkObjects: 2,816985 ms  DeleteObjects: 0,091637 ms)

========================================================================
Received Prepare
Registering precompiled user dll's ...
Registered in 0,000610 seconds.
Begin MonoManager ReloadAssembly
Native extension for LinuxStandalone target not found
Native extension for WindowsStandalone target not found
Native extension for OSXStandalone target not found
Native extension for WebGL target not found
Refreshing native plugins compatible for Editor in 0,32 ms, found 1 plugins.
Preloading 0 native plugins for Editor in 0,00 ms.
Invoked RoslynAnalysisRunner static constructor.
RoslynAnalysisRunner will not be running.
RoslynAnalysisRunner has terminated.
Mono: successfully reloaded assembly
- Completed reload, in  0,694 seconds
Platform modules already initialized, skipping
Refreshing native plugins compatible for Editor in 1,00 ms, found 1 plugins.
Preloading 0 native plugins for Editor in 0,00 ms.
Unloading 1850 Unused Serialized files (Serialized files now loaded: 0)
System memory in use before: 80,7 MB.
System memory in use after: 80,7 MB.

Unloading 12 unused Assets to reduce memory usage. Loaded Objects now: 2331.
Total: 4,395622 ms (FindLiveObjects: 0,151447 ms CreateObjectMapping: 0,045187 ms MarkObjects: 3,929380 ms  DeleteObjects: 0,265628 ms)

========================================================================
Received Prepare
Registering precompiled user dll's ...
Registered in 0,000751 seconds.
Begin MonoManager ReloadAssembly
Native extension for LinuxStandalone target not found
Native extension for WindowsStandalone target not found
Native extension for OSXStandalone target not found
Native extension for WebGL target not found
Refreshing native plugins compatible for Editor in 0,30 ms, found 1 plugins.
Preloading 0 native plugins for Editor in 0,00 ms.
Invoked RoslynAnalysisRunner static constructor.
RoslynAnalysisRunner will not be running.
RoslynAnalysisRunner has terminated.
Mono: successfully reloaded assembly
- Completed reload, in  0,637 seconds
Platform modules already initialized, skipping
Refreshing native plugins compatible for Editor in 0,31 ms, found 1 plugins.
Preloading 0 native plugins for Editor in 0,00 ms.
Unloading 1850 Unused Serialized files (Serialized files now loaded: 0)
System memory in use before: 80,7 MB.
System memory in use after: 80,7 MB.

Unloading 12 unused Assets to reduce memory usage. Loaded Objects now: 2335.
Total: 2,071128 ms (FindLiveObjects: 0,147775 ms CreateObjectMapping: 0,044178 ms MarkObjects: 1,790659 ms  DeleteObjects: 0,086371 ms)

========================================================================
Received Prepare
Registering precompiled user dll's ...
Registered in 0,000624 seconds.
Begin MonoManager ReloadAssembly
Native extension for LinuxStandalone target not found
Native extension for WindowsStandalone target not found
Native extension for OSXStandalone target not found
Native extension for WebGL target not found
Refreshing native plugins compatible for Editor in 0,44 ms, found 1 plugins.
Preloading 0 native plugins for Editor in 0,00 ms.
Invoked RoslynAnalysisRunner static constructor.
RoslynAnalysisRunner will not be running.
RoslynAnalysisRunner has terminated.
Mono: successfully reloaded assembly
- Completed reload, in  0,730 seconds
Platform modules already initialized, skipping
Refreshing native plugins compatible for Editor in 1,01 ms, found 1 plugins.
Preloading 0 native plugins for Editor in 0,00 ms.
Unloading 1850 Unused Serialized files (Serialized files now loaded: 0)
System memory in use before: 80,7 MB.
System memory in use after: 80,7 MB.

Unloading 12 unused Assets to reduce memory usage. Loaded Objects now: 2339.
Total: 2,245617 ms (FindLiveObjects: 0,191546 ms CreateObjectMapping: 0,047886 ms MarkObjects: 1,907334 ms  DeleteObjects: 0,094840 ms)

========================================================================
Received Prepare
Registering precompiled user dll's ...
Registered in 0,000934 seconds.
Begin MonoManager ReloadAssembly
Native extension for LinuxStandalone target not found
Native extension for WindowsStandalone target not found
Native extension for OSXStandalone target not found
Native extension for WebGL target not found
Refreshing native plugins compatible for Editor in 0,33 ms, found 1 plugins.
Preloading 0 native plugins for Editor in 0,00 ms.
Invoked RoslynAnalysisRunner static constructor.
RoslynAnalysisRunner will not be running.
RoslynAnalysisRunner has terminated.
Mono: successfully reloaded assembly
- Completed reload, in  0,651 seconds
Platform modules already initialized, skipping
Refreshing native plugins compatible for Editor in 0,30 ms, found 1 plugins.
Preloading 0 native plugins for Editor in 0,00 ms.
Unloading 1850 Unused Serialized files (Serialized files now loaded: 0)
System memory in use before: 80,7 MB.
System memory in use after: 80,7 MB.

Unloading 12 unused Assets to reduce memory usage. Loaded Objects now: 2343.
Total: 4,697653 ms (FindLiveObjects: 0,330872 ms CreateObjectMapping: 0,111140 ms MarkObjects: 4,077326 ms  DeleteObjects: 0,172087 ms)

========================================================================
Received Prepare
Registering precompiled user dll's ...
Registered in 0,000555 seconds.
Begin MonoManager ReloadAssembly
Native extension for LinuxStandalone target not found
Native extension for WindowsStandalone target not found
Native extension for OSXStandalone target not found
Native extension for WebGL target not found
Refreshing native plugins compatible for Editor in 0,30 ms, found 1 plugins.
Preloading 0 native plugins for Editor in 0,00 ms.
Invoked RoslynAnalysisRunner static constructor.
RoslynAnalysisRunner will not be running.
RoslynAnalysisRunner has terminated.
Mono: successfully reloaded assembly
- Completed reload, in  0,709 seconds
Platform modules already initialized, skipping
Refreshing native plugins compatible for Editor in 0,30 ms, found 1 plugins.
Preloading 0 native plugins for Editor in 0,00 ms.
Unloading 1850 Unused Serialized files (Serialized files now loaded: 0)
System memory in use before: 80,7 MB.
System memory in use after: 80,7 MB.

Unloading 12 unused Assets to reduce memory usage. Loaded Objects now: 2347.
Total: 5,514073 ms (FindLiveObjects: 0,796281 ms CreateObjectMapping: 0,270123 ms MarkObjects: 4,334328 ms  DeleteObjects: 0,109311 ms)

========================================================================
Received Prepare
Registering precompiled user dll's ...
Registered in 0,000638 seconds.
Begin MonoManager ReloadAssembly
Native extension for LinuxStandalone target not found
Native extension for WindowsStandalone target not found
Native extension for OSXStandalone target not found
Native extension for WebGL target not found
Refreshing native plugins compatible for Editor in 0,31 ms, found 1 plugins.
Preloading 0 native plugins for Editor in 0,00 ms.
Invoked RoslynAnalysisRunner static constructor.
RoslynAnalysisRunner will not be running.
RoslynAnalysisRunner has terminated.
Mono: successfully reloaded assembly
- Completed reload, in  0,662 seconds
Platform modules already initialized, skipping
Refreshing native plugins compatible for Editor in 1,25 ms, found 1 plugins.
Preloading 0 native plugins for Editor in 0,00 ms.
Unloading 1850 Unused Serialized files (Serialized files now loaded: 0)
System memory in use before: 80,7 MB.
System memory in use after: 80,7 MB.

Unloading 12 unused Assets to reduce memory usage. Loaded Objects now: 2351.
Total: 2,233179 ms (FindLiveObjects: 0,147646 ms CreateObjectMapping: 0,043851 ms MarkObjects: 1,947609 ms  DeleteObjects: 0,091796 ms)

========================================================================
Received Prepare
Registering precompiled user dll's ...
Registered in 0,000593 seconds.
Begin MonoManager ReloadAssembly
Native extension for LinuxStandalone target not found
Native extension for WindowsStandalone target not found
Native extension for OSXStandalone target not found
Native extension for WebGL target not found
Refreshing native plugins compatible for Editor in 0,38 ms, found 1 plugins.
Preloading 0 native plugins for Editor in 0,00 ms.
Invoked RoslynAnalysisRunner static constructor.
RoslynAnalysisRunner will not be running.
RoslynAnalysisRunner has terminated.
Mono: successfully reloaded assembly
- Completed reload, in  0,722 seconds
Platform modules already initialized, skipping
Refreshing native plugins compatible for Editor in 0,34 ms, found 1 plugins.
Preloading 0 native plugins for Editor in 0,00 ms.
Unloading 1850 Unused Serialized files (Serialized files now loaded: 0)
System memory in use before: 80,8 MB.
System memory in use after: 80,7 MB.

Unloading 12 unused Assets to reduce memory usage. Loaded Objects now: 2355.
Total: 2,569790 ms (FindLiveObjects: 0,210722 ms CreateObjectMapping: 0,050697 ms MarkObjects: 2,208750 ms  DeleteObjects: 0,097445 ms)

========================================================================
Received Import Request.
  Time since last request: 1524,806723 seconds.
  path: Assets/Prefabs/Seed.prefab
  artifactKey: Guid(7c16091d0d262a7fbb4e46bd03d98e85) Importer(815301076,1909f56bfc062723c751e8b465ee728b)
Start importing Assets/Prefabs/Seed.prefab using Guid(7c16091d0d262a7fbb4e46bd03d98e85) Importer(815301076,1909f56bfc062723c751e8b465ee728b)  -> (artifact id: '60227bcd8dce8bb66e22e90876dea321') in 0,070290 seconds
  Import took 0,073327 seconds .

========================================================================
Received Import Request.
  Time since last request: 0,004884 seconds.
  path: Assets/Prefabs/Seed.prefab
  artifactKey: Guid(7c16091d0d262a7fbb4e46bd03d98e85) Importer(815301076,1909f56bfc062723c751e8b465ee728b)
Start importing Assets/Prefabs/Seed.prefab using Guid(7c16091d0d262a7fbb4e46bd03d98e85) Importer(815301076,1909f56bfc062723c751e8b465ee728b)  -> (artifact id: '60227bcd8dce8bb66e22e90876dea321') in 0,004209 seconds
  Import took 0,009766 seconds .

========================================================================
Received Import Request.
  Time since last request: 4,410916 seconds.
  path: Assets/Prefabs/leaf_left.prefab
  artifactKey: Guid(79023ec524aa752578708e06ea8f7fbe) Importer(815301076,1909f56bfc062723c751e8b465ee728b)
Start importing Assets/Prefabs/leaf_left.prefab using Guid(79023ec524aa752578708e06ea8f7fbe) Importer(815301076,1909f56bfc062723c751e8b465ee728b)  -> (artifact id: 'fe7fec489de2dd002ea73f79872a3b34') in 0,010473 seconds
  Import took 0,013416 seconds .

========================================================================
Received Prepare
Registering precompiled user dll's ...
Registered in 0,000793 seconds.
Begin MonoManager ReloadAssembly
Native extension for LinuxStandalone target not found
Native extension for WindowsStandalone target not found
Native extension for OSXStandalone target not found
Native extension for WebGL target not found
Refreshing native plugins compatible for Editor in 0,37 ms, found 1 plugins.
Preloading 0 native plugins for Editor in 0,00 ms.
Invoked RoslynAnalysisRunner static constructor.
RoslynAnalysisRunner will not be running.
RoslynAnalysisRunner has terminated.
Mono: successfully reloaded assembly
- Completed reload, in  0,655 seconds
Platform modules already initialized, skipping
Refreshing native plugins compatible for Editor in 0,79 ms, found 1 plugins.
Preloading 0 native plugins for Editor in 0,00 ms.
Unloading 1850 Unused Serialized files (Serialized files now loaded: 0)
System memory in use before: 82,1 MB.
System memory in use after: 82,1 MB.

Unloading 12 unused Assets to reduce memory usage. Loaded Objects now: 2366.
Total: 5,725207 ms (FindLiveObjects: 0,467583 ms CreateObjectMapping: 0,188128 ms MarkObjects: 4,870827 ms  DeleteObjects: 0,195081 ms)

========================================================================
Received Import Request.
  Time since last request: 449,060393 seconds.
  path: Assets/Prefabs/Seed.prefab
  artifactKey: Guid(7c16091d0d262a7fbb4e46bd03d98e85) Importer(815301076,1909f56bfc062723c751e8b465ee728b)
Start importing Assets/Prefabs/Seed.prefab using Guid(7c16091d0d262a7fbb4e46bd03d98e85) Importer(815301076,1909f56bfc062723c751e8b465ee728b)  -> (artifact id: '6d8668066863e6c982a9452054287854') in 0,045206 seconds
  Import took 0,049691 seconds .

========================================================================
Received Prepare
Registering precompiled user dll's ...
Registered in 0,000586 seconds.
Begin MonoManager ReloadAssembly
Native extension for LinuxStandalone target not found
Native extension for WindowsStandalone target not found
Native extension for OSXStandalone target not found
Native extension for WebGL target not found
Refreshing native plugins compatible for Editor in 0,43 ms, found 1 plugins.
Preloading 0 native plugins for Editor in 0,00 ms.
Invoked RoslynAnalysisRunner static constructor.
RoslynAnalysisRunner will not be running.
RoslynAnalysisRunner has terminated.
Mono: successfully reloaded assembly
- Completed reload, in  0,724 seconds
Platform modules already initialized, skipping
Refreshing native plugins compatible for Editor in 0,60 ms, found 1 plugins.
Preloading 0 native plugins for Editor in 0,00 ms.
Unloading 1850 Unused Serialized files (Serialized files now loaded: 0)
System memory in use before: 82,1 MB.
System memory in use after: 82,1 MB.

Unloading 12 unused Assets to reduce memory usage. Loaded Objects now: 2371.
Total: 5,895054 ms (FindLiveObjects: 0,311500 ms CreateObjectMapping: 0,122527 ms MarkObjects: 5,229358 ms  DeleteObjects: 0,224703 ms)

========================================================================
Received Prepare
Registering precompiled user dll's ...
Registered in 0,000572 seconds.
Begin MonoManager ReloadAssembly
Native extension for LinuxStandalone target not found
Native extension for WindowsStandalone target not found
Native extension for OSXStandalone target not found
Native extension for WebGL target not found
Refreshing native plugins compatible for Editor in 0,32 ms, found 1 plugins.
Preloading 0 native plugins for Editor in 0,00 ms.
Invoked RoslynAnalysisRunner static constructor.
RoslynAnalysisRunner will not be running.
RoslynAnalysisRunner has terminated.
Mono: successfully reloaded assembly
- Completed reload, in  0,651 seconds
Platform modules already initialized, skipping
Refreshing native plugins compatible for Editor in 1,37 ms, found 1 plugins.
Preloading 0 native plugins for Editor in 0,00 ms.
Unloading 1850 Unused Serialized files (Serialized files now loaded: 0)
System memory in use before: 82,2 MB.
System memory in use after: 82,1 MB.

Unloading 12 unused Assets to reduce memory usage. Loaded Objects now: 2375.
Total: 4,775332 ms (FindLiveObjects: 0,306129 ms CreateObjectMapping: 0,062708 ms MarkObjects: 3,952727 ms  DeleteObjects: 0,447961 ms)

========================================================================
Received Prepare
Registering precompiled user dll's ...
Registered in 0,000931 seconds.
Begin MonoManager ReloadAssembly
Native extension for LinuxStandalone target not found
Native extension for WindowsStandalone target not found
Native extension for OSXStandalone target not found
Native extension for WebGL target not found
Refreshing native plugins compatible for Editor in 1,16 ms, found 1 plugins.
Preloading 0 native plugins for Editor in 0,00 ms.
Invoked RoslynAnalysisRunner static constructor.
RoslynAnalysisRunner will not be running.
RoslynAnalysisRunner has terminated.
Mono: successfully reloaded assembly
- Completed reload, in  0,767 seconds
Platform modules already initialized, skipping
Refreshing native plugins compatible for Editor in 0,30 ms, found 1 plugins.
Preloading 0 native plugins for Editor in 0,00 ms.
Unloading 1850 Unused Serialized files (Serialized files now loaded: 0)
System memory in use before: 82,2 MB.
System memory in use after: 82,2 MB.

Unloading 12 unused Assets to reduce memory usage. Loaded Objects now: 2379.
Total: 2,223703 ms (FindLiveObjects: 0,159675 ms CreateObjectMapping: 0,043678 ms MarkObjects: 1,925463 ms  DeleteObjects: 0,092641 ms)

========================================================================
Received Prepare
Registering precompiled user dll's ...
Registered in 0,001356 seconds.
Begin MonoManager ReloadAssembly
Native extension for LinuxStandalone target not found
Native extension for WindowsStandalone target not found
Native extension for OSXStandalone target not found
Native extension for WebGL target not found
Refreshing native plugins compatible for Editor in 0,35 ms, found 1 plugins.
Preloading 0 native plugins for Editor in 0,00 ms.
Invoked RoslynAnalysisRunner static constructor.
RoslynAnalysisRunner will not be running.
RoslynAnalysisRunner has terminated.
Mono: successfully reloaded assembly
- Completed reload, in  0,658 seconds
Platform modules already initialized, skipping
Refreshing native plugins compatible for Editor in 0,30 ms, found 1 plugins.
Preloading 0 native plugins for Editor in 0,00 ms.
Unloading 1850 Unused Serialized files (Serialized files now loaded: 0)
System memory in use before: 82,2 MB.
System memory in use after: 82,2 MB.

Unloading 12 unused Assets to reduce memory usage. Loaded Objects now: 2383.
Total: 4,085211 ms (FindLiveObjects: 0,432045 ms CreateObjectMapping: 0,089038 ms MarkObjects: 3,406178 ms  DeleteObjects: 0,154357 ms)

========================================================================
Received Prepare
Registering precompiled user dll's ...
Registered in 0,001244 seconds.
Begin MonoManager ReloadAssembly
Native extension for LinuxStandalone target not found
Native extension for WindowsStandalone target not found
Native extension for OSXStandalone target not found
Native extension for WebGL target not found
Refreshing native plugins compatible for Editor in 1,06 ms, found 1 plugins.
Preloading 0 native plugins for Editor in 0,00 ms.
Invoked RoslynAnalysisRunner static constructor.
RoslynAnalysisRunner will not be running.
RoslynAnalysisRunner has terminated.
Mono: successfully reloaded assembly
- Completed reload, in  0,698 seconds
Platform modules already initialized, skipping
Refreshing native plugins compatible for Editor in 1,38 ms, found 1 plugins.
Preloading 0 native plugins for Editor in 0,00 ms.
Unloading 1850 Unused Serialized files (Serialized files now loaded: 0)
System memory in use before: 82,2 MB.
System memory in use after: 82,2 MB.

Unloading 12 unused Assets to reduce memory usage. Loaded Objects now: 2387.
Total: 2,302997 ms (FindLiveObjects: 0,150660 ms CreateObjectMapping: 0,042744 ms MarkObjects: 2,012906 ms  DeleteObjects: 0,094407 ms)

========================================================================
Received Prepare
Registering precompiled user dll's ...
Registered in 0,000537 seconds.
Begin MonoManager ReloadAssembly
Native extension for LinuxStandalone target not found
Native extension for WindowsStandalone target not found
Native extension for OSXStandalone target not found
Native extension for WebGL target not found
Refreshing native plugins compatible for Editor in 0,37 ms, found 1 plugins.
Preloading 0 native plugins for Editor in 0,00 ms.
Invoked RoslynAnalysisRunner static constructor.
RoslynAnalysisRunner will not be running.
RoslynAnalysisRunner has terminated.
Mono: successfully reloaded assembly
- Completed reload, in  0,729 seconds
Platform modules already initialized, skipping
Refreshing native plugins compatible for Editor in 0,29 ms, found 1 plugins.
Preloading 0 native plugins for Editor in 0,00 ms.
Unloading 1850 Unused Serialized files (Serialized files now loaded: 0)
System memory in use before: 82,2 MB.
System memory in use after: 82,2 MB.

Unloading 12 unused Assets to reduce memory usage. Loaded Objects now: 2391.
Total: 6,598048 ms (FindLiveObjects: 0,901246 ms CreateObjectMapping: 0,375938 ms MarkObjects: 5,222600 ms  DeleteObjects: 0,094185 ms)

========================================================================
Received Prepare
Registering precompiled user dll's ...
Registered in 0,001557 seconds.
Begin MonoManager ReloadAssembly
Native extension for LinuxStandalone target not found
Native extension for WindowsStandalone target not found
Native extension for OSXStandalone target not found
Native extension for WebGL target not found
Refreshing native plugins compatible for Editor in 1,38 ms, found 1 plugins.
Preloading 0 native plugins for Editor in 0,00 ms.
Invoked RoslynAnalysisRunner static constructor.
RoslynAnalysisRunner will not be running.
RoslynAnalysisRunner has terminated.
Mono: successfully reloaded assembly
- Completed reload, in  0,871 seconds
Platform modules already initialized, skipping
Refreshing native plugins compatible for Editor in 1,54 ms, found 1 plugins.
Preloading 0 native plugins for Editor in 0,00 ms.
Unloading 1850 Unused Serialized files (Serialized files now loaded: 0)
System memory in use before: 82,2 MB.
System memory in use after: 82,2 MB.

Unloading 12 unused Assets to reduce memory usage. Loaded Objects now: 2395.
Total: 8,811028 ms (FindLiveObjects: 0,916948 ms CreateObjectMapping: 0,384217 ms MarkObjects: 7,157361 ms  DeleteObjects: 0,343853 ms)

========================================================================
Received Prepare
Refreshing native plugins compatible for Editor in 2,10 ms, found 1 plugins.
Preloading 0 native plugins for Editor in 0,00 ms.
Unloading 10 Unused Serialized files (Serialized files now loaded: 0)
System memory in use before: 45,6 MB.
System memory in use after: 45,6 MB.

Unloading 10 unused Assets to reduce memory usage. Loaded Objects now: 2395.
Total: 5,672877 ms (FindLiveObjects: 0,762875 ms CreateObjectMapping: 0,229747 ms MarkObjects: 4,580298 ms  DeleteObjects: 0,094897 ms)

========================================================================
Received Prepare
Registering precompiled user dll's ...
Registered in 0,000773 seconds.
Begin MonoManager ReloadAssembly
Native extension for LinuxStandalone target not found
Native extension for WindowsStandalone target not found
Native extension for OSXStandalone target not found
Native extension for WebGL target not found
Refreshing native plugins compatible for Editor in 0,35 ms, found 1 plugins.
Preloading 0 native plugins for Editor in 0,00 ms.
Invoked RoslynAnalysisRunner static constructor.
RoslynAnalysisRunner will not be running.
RoslynAnalysisRunner has terminated.
Mono: successfully reloaded assembly
- Completed reload, in  0,608 seconds
Platform modules already initialized, skipping
Refreshing native plugins compatible for Editor in 0,42 ms, found 1 plugins.
Preloading 0 native plugins for Editor in 0,00 ms.
Unloading 1850 Unused Serialized files (Serialized files now loaded: 0)
System memory in use before: 82,2 MB.
System memory in use after: 82,2 MB.

Unloading 12 unused Assets to reduce memory usage. Loaded Objects now: 2399.
Total: 2,286021 ms (FindLiveObjects: 0,213098 ms CreateObjectMapping: 0,055592 ms MarkObjects: 1,894602 ms  DeleteObjects: 0,115958 ms)

========================================================================
Received Prepare
Registering precompiled user dll's ...
Registered in 0,000622 seconds.
Begin MonoManager ReloadAssembly
Native extension for LinuxStandalone target not found
Native extension for WindowsStandalone target not found
Native extension for OSXStandalone target not found
Native extension for WebGL target not found
Refreshing native plugins compatible for Editor in 0,33 ms, found 1 plugins.
Preloading 0 native plugins for Editor in 0,00 ms.
Invoked RoslynAnalysisRunner static constructor.
RoslynAnalysisRunner will not be running.
RoslynAnalysisRunner has terminated.
Mono: successfully reloaded assembly
- Completed reload, in  0,617 seconds
Platform modules already initialized, skipping
Refreshing native plugins compatible for Editor in 0,30 ms, found 1 plugins.
Preloading 0 native plugins for Editor in 0,00 ms.
Unloading 1850 Unused Serialized files (Serialized files now loaded: 0)
System memory in use before: 82,2 MB.
System memory in use after: 82,2 MB.

Unloading 12 unused Assets to reduce memory usage. Loaded Objects now: 2403.
Total: 2,266541 ms (FindLiveObjects: 0,158609 ms CreateObjectMapping: 0,074312 ms MarkObjects: 1,938222 ms  DeleteObjects: 0,093085 ms)

========================================================================
Received Import Request.
  Time since last request: 1640,706389 seconds.
  path: Assets/Graphics/end.png
  artifactKey: Guid(dbebf5b9b5b5f5a6a96526a93cd2c0be) Importer(815301076,1909f56bfc062723c751e8b465ee728b)
Start importing Assets/Graphics/end.png using Guid(dbebf5b9b5b5f5a6a96526a93cd2c0be) Importer(815301076,1909f56bfc062723c751e8b465ee728b)  -> (artifact id: '14f61fa0b17786a2acac97b94bbd3178') in 0,054518 seconds
  Import took 0,057590 seconds .

========================================================================
Received Prepare
Registering precompiled user dll's ...
Registered in 0,000624 seconds.
Begin MonoManager ReloadAssembly
Native extension for LinuxStandalone target not found
Native extension for WindowsStandalone target not found
Native extension for OSXStandalone target not found
Native extension for WebGL target not found
Refreshing native plugins compatible for Editor in 0,34 ms, found 1 plugins.
Preloading 0 native plugins for Editor in 0,00 ms.
Invoked RoslynAnalysisRunner static constructor.
RoslynAnalysisRunner will not be running.
RoslynAnalysisRunner has terminated.
Mono: successfully reloaded assembly
- Completed reload, in  0,613 seconds
Platform modules already initialized, skipping
Refreshing native plugins compatible for Editor in 0,30 ms, found 1 plugins.
Preloading 0 native plugins for Editor in 0,00 ms.
Unloading 1850 Unused Serialized files (Serialized files now loaded: 0)
System memory in use before: 82,2 MB.
System memory in use after: 82,2 MB.

Unloading 12 unused Assets to reduce memory usage. Loaded Objects now: 2411.
Total: 2,784375 ms (FindLiveObjects: 0,175357 ms CreateObjectMapping: 0,076642 ms MarkObjects: 2,436196 ms  DeleteObjects: 0,094052 ms)

========================================================================
Received Prepare
Registering precompiled user dll's ...
Registered in 0,000614 seconds.
Begin MonoManager ReloadAssembly
Native extension for LinuxStandalone target not found
Native extension for WindowsStandalone target not found
Native extension for OSXStandalone target not found
Native extension for WebGL target not found
Refreshing native plugins compatible for Editor in 0,30 ms, found 1 plugins.
Preloading 0 native plugins for Editor in 0,00 ms.
Invoked RoslynAnalysisRunner static constructor.
RoslynAnalysisRunner will not be running.
RoslynAnalysisRunner has terminated.
Mono: successfully reloaded assembly
- Completed reload, in  0,724 seconds
Platform modules already initialized, skipping
Refreshing native plugins compatible for Editor in 0,29 ms, found 1 plugins.
Preloading 0 native plugins for Editor in 0,00 ms.
Unloading 1850 Unused Serialized files (Serialized files now loaded: 0)
System memory in use before: 82,2 MB.
System memory in use after: 82,2 MB.

Unloading 12 unused Assets to reduce memory usage. Loaded Objects now: 2415.
Total: 2,161254 ms (FindLiveObjects: 0,162197 ms CreateObjectMapping: 0,084606 ms MarkObjects: 1,822185 ms  DeleteObjects: 0,090021 ms)

========================================================================
Received Prepare
Registering precompiled user dll's ...
Registered in 0,000601 seconds.
Begin MonoManager ReloadAssembly
Native extension for LinuxStandalone target not found
Native extension for WindowsStandalone target not found
Native extension for OSXStandalone target not found
Native extension for WebGL target not found
Refreshing native plugins compatible for Editor in 0,32 ms, found 1 plugins.
Preloading 0 native plugins for Editor in 0,00 ms.
Invoked RoslynAnalysisRunner static constructor.
RoslynAnalysisRunner will not be running.
RoslynAnalysisRunner has terminated.
Mono: successfully reloaded assembly
- Completed reload, in  0,741 seconds
Platform modules already initialized, skipping
Refreshing native plugins compatible for Editor in 1,09 ms, found 1 plugins.
Preloading 0 native plugins for Editor in 0,00 ms.
Unloading 1850 Unused Serialized files (Serialized files now loaded: 0)
System memory in use before: 82,2 MB.
System memory in use after: 82,2 MB.

Unloading 12 unused Assets to reduce memory usage. Loaded Objects now: 2419.
Total: 2,519199 ms (FindLiveObjects: 0,262780 ms CreateObjectMapping: 0,066502 ms MarkObjects: 2,024474 ms  DeleteObjects: 0,161777 ms)

========================================================================
Received Prepare
Registering precompiled user dll's ...
Registered in 0,000724 seconds.
Begin MonoManager ReloadAssembly
Native extension for LinuxStandalone target not found
Native extension for WindowsStandalone target not found
Native extension for OSXStandalone target not found
Native extension for WebGL target not found
Refreshing native plugins compatible for Editor in 1,24 ms, found 1 plugins.
Preloading 0 native plugins for Editor in 0,00 ms.
Invoked RoslynAnalysisRunner static constructor.
RoslynAnalysisRunner will not be running.
RoslynAnalysisRunner has terminated.
Mono: successfully reloaded assembly
- Completed reload, in  0,736 seconds
Platform modules already initialized, skipping
Refreshing native plugins compatible for Editor in 1,48 ms, found 1 plugins.
Preloading 0 native plugins for Editor in 0,05 ms.
Unloading 1850 Unused Serialized files (Serialized files now loaded: 0)
System memory in use before: 82,2 MB.
System memory in use after: 82,2 MB.

Unloading 12 unused Assets to reduce memory usage. Loaded Objects now: 2423.
Total: 2,394887 ms (FindLiveObjects: 0,165783 ms CreateObjectMapping: 0,047010 ms MarkObjects: 2,083021 ms  DeleteObjects: 0,096628 ms)

========================================================================
Received Import Request.
  Time since last request: 290,084979 seconds.
  path: Assets/Graphics/End.png
  artifactKey: Guid(dbebf5b9b5b5f5a6a96526a93cd2c0be) Importer(815301076,1909f56bfc062723c751e8b465ee728b)
Start importing Assets/Graphics/End.png using Guid(dbebf5b9b5b5f5a6a96526a93cd2c0be) Importer(815301076,1909f56bfc062723c751e8b465ee728b)  -> (artifact id: '788ed17d5973f458f2a8d9008994dbb0') in 0,060813 seconds
  Import took 0,064464 seconds .

========================================================================
Received Prepare
Registering precompiled user dll's ...
Registered in 0,000666 seconds.
Begin MonoManager ReloadAssembly
Native extension for LinuxStandalone target not found
Native extension for WindowsStandalone target not found
Native extension for OSXStandalone target not found
Native extension for WebGL target not found
Refreshing native plugins compatible for Editor in 0,31 ms, found 1 plugins.
Preloading 0 native plugins for Editor in 0,00 ms.
Invoked RoslynAnalysisRunner static constructor.
RoslynAnalysisRunner will not be running.
RoslynAnalysisRunner has terminated.
Mono: successfully reloaded assembly
- Completed reload, in  0,861 seconds
Platform modules already initialized, skipping
Refreshing native plugins compatible for Editor in 1,48 ms, found 1 plugins.
Preloading 0 native plugins for Editor in 0,00 ms.
Unloading 1850 Unused Serialized files (Serialized files now loaded: 0)
System memory in use before: 82,3 MB.
System memory in use after: 82,3 MB.

Unloading 12 unused Assets to reduce memory usage. Loaded Objects now: 2429.
Total: 5,941709 ms (FindLiveObjects: 0,883080 ms CreateObjectMapping: 0,414262 ms MarkObjects: 4,540866 ms  DeleteObjects: 0,098833 ms)

========================================================================
Received Prepare
Registering precompiled user dll's ...
Registered in 0,000752 seconds.
Begin MonoManager ReloadAssembly
Native extension for LinuxStandalone target not found
Native extension for WindowsStandalone target not found
Native extension for OSXStandalone target not found
Native extension for WebGL target not found
Refreshing native plugins compatible for Editor in 0,31 ms, found 1 plugins.
Preloading 0 native plugins for Editor in 0,00 ms.
Invoked RoslynAnalysisRunner static constructor.
RoslynAnalysisRunner will not be running.
RoslynAnalysisRunner has terminated.
Mono: successfully reloaded assembly
- Completed reload, in  0,767 seconds
Platform modules already initialized, skipping
Refreshing native plugins compatible for Editor in 0,29 ms, found 1 plugins.
Preloading 0 native plugins for Editor in 0,00 ms.
Unloading 1850 Unused Serialized files (Serialized files now loaded: 0)
System memory in use before: 82,3 MB.
System memory in use after: 82,3 MB.

Unloading 12 unused Assets to reduce memory usage. Loaded Objects now: 2433.
Total: 2,160309 ms (FindLiveObjects: 0,154379 ms CreateObjectMapping: 0,044451 ms MarkObjects: 1,868453 ms  DeleteObjects: 0,090649 ms)

========================================================================
Received Prepare
Refreshing native plugins compatible for Editor in 2,91 ms, found 1 plugins.
Preloading 0 native plugins for Editor in 0,00 ms.
Unloading 10 Unused Serialized files (Serialized files now loaded: 0)
System memory in use before: 45,7 MB.
System memory in use after: 45,7 MB.

Unloading 10 unused Assets to reduce memory usage. Loaded Objects now: 2433.
Total: 6,452662 ms (FindLiveObjects: 0,530429 ms CreateObjectMapping: 0,148567 ms MarkObjects: 5,344530 ms  DeleteObjects: 0,423141 ms)

========================================================================
Received Prepare
Registering precompiled user dll's ...
Registered in 0,001826 seconds.
Begin MonoManager ReloadAssembly
Native extension for LinuxStandalone target not found
Native extension for WindowsStandalone target not found
Native extension for OSXStandalone target not found
Native extension for WebGL target not found
Refreshing native plugins compatible for Editor in 0,32 ms, found 1 plugins.
Preloading 0 native plugins for Editor in 0,00 ms.
Invoked RoslynAnalysisRunner static constructor.
RoslynAnalysisRunner will not be running.
RoslynAnalysisRunner has terminated.
Mono: successfully reloaded assembly
- Completed reload, in  0,694 seconds
Platform modules already initialized, skipping
Refreshing native plugins compatible for Editor in 0,30 ms, found 1 plugins.
Preloading 0 native plugins for Editor in 0,00 ms.
Unloading 1850 Unused Serialized files (Serialized files now loaded: 0)
System memory in use before: 82,3 MB.
System memory in use after: 82,3 MB.

Unloading 12 unused Assets to reduce memory usage. Loaded Objects now: 2437.
Total: 2,446389 ms (FindLiveObjects: 0,173949 ms CreateObjectMapping: 0,051262 ms MarkObjects: 2,069732 ms  DeleteObjects: 0,149057 ms)

========================================================================
Received Prepare
Refreshing native plugins compatible for Editor in 1,03 ms, found 1 plugins.
Preloading 0 native plugins for Editor in 0,00 ms.
Unloading 10 Unused Serialized files (Serialized files now loaded: 0)
System memory in use before: 45,7 MB.
System memory in use after: 45,7 MB.

Unloading 10 unused Assets to reduce memory usage. Loaded Objects now: 2437.
Total: 2,617060 ms (FindLiveObjects: 0,189245 ms CreateObjectMapping: 0,083079 ms MarkObjects: 2,241494 ms  DeleteObjects: 0,100665 ms)

========================================================================
Received Prepare
Refreshing native plugins compatible for Editor in 1,34 ms, found 1 plugins.
Preloading 0 native plugins for Editor in 0,00 ms.
Unloading 10 Unused Serialized files (Serialized files now loaded: 0)
System memory in use before: 45,7 MB.
System memory in use after: 45,7 MB.

Unloading 10 unused Assets to reduce memory usage. Loaded Objects now: 2437.
Total: 4,732172 ms (FindLiveObjects: 0,947805 ms CreateObjectMapping: 0,337174 ms MarkObjects: 3,335786 ms  DeleteObjects: 0,104908 ms)

========================================================================
Received Prepare
Registering precompiled user dll's ...
Registered in 0,001976 seconds.
Begin MonoManager ReloadAssembly
Native extension for LinuxStandalone target not found
Native extension for WindowsStandalone target not found
Native extension for OSXStandalone target not found
Native extension for WebGL target not found
Refreshing native plugins compatible for Editor in 0,32 ms, found 1 plugins.
Preloading 0 native plugins for Editor in 0,00 ms.
Invoked RoslynAnalysisRunner static constructor.
RoslynAnalysisRunner will not be running.
RoslynAnalysisRunner has terminated.
Mono: successfully reloaded assembly
- Completed reload, in  0,859 seconds
Platform modules already initialized, skipping
Switching build target platform(24) subTarget(0) extendedPlatform(0) -> platform(13) subTarget(537395200) extendedPlatform(0)
Refreshing native plugins compatible for Editor in 0,30 ms, found 1 plugins.
Preloading 0 native plugins for Editor in 0,00 ms.
Unloading 1854 Unused Serialized files (Serialized files now loaded: 0)
System memory in use before: 82,3 MB.
System memory in use after: 82,3 MB.

Unloading 12 unused Assets to reduce memory usage. Loaded Objects now: 2441.
Total: 2,286766 ms (FindLiveObjects: 0,253848 ms CreateObjectMapping: 0,066785 ms MarkObjects: 1,865377 ms  DeleteObjects: 0,098270 ms)

AssetImportParameters requested are different than current active one (requested -> active):
  custom:graphics/normal-map-encoding: 01000000000000000000000000000000 -> 02000000000000000000000000000000
========================================================================
Received Prepare
Refreshing native plugins compatible for Editor in 0,96 ms, found 1 plugins.
Preloading 0 native plugins for Editor in 0,00 ms.
Unloading 10 Unused Serialized files (Serialized files now loaded: 0)
System memory in use before: 45,7 MB.
System memory in use after: 45,7 MB.

Unloading 10 unused Assets to reduce memory usage. Loaded Objects now: 2441.
Total: 2,479330 ms (FindLiveObjects: 0,203973 ms CreateObjectMapping: 0,107080 ms MarkObjects: 2,066429 ms  DeleteObjects: 0,098821 ms)

========================================================================
Received Import Request.
  Time since last request: 208,773384 seconds.
  path: Assets/Graphics/End.png
  artifactKey: Guid(dbebf5b9b5b5f5a6a96526a93cd2c0be) Importer(815301076,1909f56bfc062723c751e8b465ee728b)
Start importing Assets/Graphics/End.png using Guid(dbebf5b9b5b5f5a6a96526a93cd2c0be) Importer(815301076,1909f56bfc062723c751e8b465ee728b)  -> (artifact id: '7a95a7968b0218c3b5fbb685d537a851') in 0,041409 seconds
  Import took 0,045310 seconds .

========================================================================
Received Import Request.
  Time since last request: 0,000167 seconds.
  path: Assets/Graphics/Square_Black.png
  artifactKey: Guid(098dad4307648cd66bdfabdb79ea2e69) Importer(815301076,1909f56bfc062723c751e8b465ee728b)
Start importing Assets/Graphics/Square_Black.png using Guid(098dad4307648cd66bdfabdb79ea2e69) Importer(815301076,1909f56bfc062723c751e8b465ee728b)  -> (artifact id: '0cdaa168799f318fd821423411ddb49e') in 0,014551 seconds
  Import took 0,017177 seconds .

========================================================================
Received Import Request.
  Time since last request: 0,001951 seconds.
  path: Assets/Graphics/leaf_up.png
  artifactKey: Guid(e70ac6b6f362c887eabbe4c75daaac98) Importer(815301076,1909f56bfc062723c751e8b465ee728b)
Start importing Assets/Graphics/leaf_up.png using Guid(e70ac6b6f362c887eabbe4c75daaac98) Importer(815301076,1909f56bfc062723c751e8b465ee728b)  -> (artifact id: '00fe4e21613d4667578b3641f0692c96') in 0,008699 seconds
  Import took 0,015836 seconds .

========================================================================
Received Import Request.
  Time since last request: 0,000131 seconds.
  path: Assets/Graphics/leaf_down.png
  artifactKey: Guid(9db350a131a788728be89f7f9ef0ea8b) Importer(815301076,1909f56bfc062723c751e8b465ee728b)
Start importing Assets/Graphics/leaf_down.png using Guid(9db350a131a788728be89f7f9ef0ea8b) Importer(815301076,1909f56bfc062723c751e8b465ee728b)  -> (artifact id: '578c1249158c2f635f360ed7ba3bf107') in 0,003948 seconds
  Import took 0,007230 seconds .

========================================================================
Received Import Request.
  Time since last request: 0,000300 seconds.
  path: Assets/Graphics/leaf_left.png
  artifactKey: Guid(6d0364b8f4b9a7fe69049c4d1ecc0dc1) Importer(815301076,1909f56bfc062723c751e8b465ee728b)
Start importing Assets/Graphics/leaf_left.png using Guid(6d0364b8f4b9a7fe69049c4d1ecc0dc1) Importer(815301076,1909f56bfc062723c751e8b465ee728b)  -> (artifact id: '7e0d440be30703189daeef4878e7a382') in 0,004444 seconds
  Import took 0,007541 seconds .

========================================================================
Received Import Request.
  Time since last request: 0,000183 seconds.
  path: Assets/Graphics/leaf_right.png
  artifactKey: Guid(d2f8aa6a458d13d9494f0630d978d499) Importer(815301076,1909f56bfc062723c751e8b465ee728b)
Start importing Assets/Graphics/leaf_right.png using Guid(d2f8aa6a458d13d9494f0630d978d499) Importer(815301076,1909f56bfc062723c751e8b465ee728b)  -> (artifact id: 'b67dc00ee189be87b3f6149b51c73f0d') in 0,004377 seconds
  Import took 0,006675 seconds .

========================================================================
Received Import Request.
  Time since last request: 0,000165 seconds.
  path: Assets/Graphics/Seed.png
  artifactKey: Guid(6164e2c38a396ddebac45caf12f3a8a7) Importer(815301076,1909f56bfc062723c751e8b465ee728b)
Start importing Assets/Graphics/Seed.png using Guid(6164e2c38a396ddebac45caf12f3a8a7) Importer(815301076,1909f56bfc062723c751e8b465ee728b)  -> (artifact id: '1cba3dd9c06c5ab5f4e65a3204bc8ebd') in 0,005206 seconds
  Import took 0,007859 seconds .

========================================================================
Received Import Request.
  Time since last request: 0,000245 seconds.
  path: Assets/Graphics/tree.png
  artifactKey: Guid(28bf7ab89e7b39f80b3f75e639566700) Importer(815301076,1909f56bfc062723c751e8b465ee728b)
Start importing Assets/Graphics/tree.png using Guid(28bf7ab89e7b39f80b3f75e639566700) Importer(815301076,1909f56bfc062723c751e8b465ee728b)  -> (artifact id: 'c52e58e4ed3ad0c1fbc355f7d5af875e') in 0,014197 seconds
  Import took 0,016589 seconds .

========================================================================
Received Prepare
Refreshing native plugins compatible for Editor in 1,69 ms, found 1 plugins.
Preloading 0 native plugins for Editor in 0,00 ms.
Unloading 10 Unused Serialized files (Serialized files now loaded: 0)
System memory in use before: 45,8 MB.
System memory in use after: 45,8 MB.

Unloading 10 unused Assets to reduce memory usage. Loaded Objects now: 2442.
Total: 2,727690 ms (FindLiveObjects: 0,234887 ms CreateObjectMapping: 0,124196 ms MarkObjects: 2,273772 ms  DeleteObjects: 0,092522 ms)

AssetImportWorkerClient::OnTransportError - code=2 error=End of file
